#
# There is insufficient memory for the Java Runtime Environment to continue.
# Native memory allocation (mmap) failed to map 266338304 bytes for Failed to commit area from 0x0000000702800000 to 0x0000000712600000 of length 266338304.
# Possible reasons:
#   The system is out of physical RAM or swap space
#   The process is running with CompressedOops enabled, and the Java Heap may be blocking the growth of the native heap
# Possible solutions:
#   Reduce memory load on the system
#   Increase physical memory or swap space
#   Check if swap backing store is full
#   Decrease Java heap size (-Xmx/-Xms)
#   Decrease number of Java threads
#   Decrease Java thread stack sizes (-Xss)
#   Set larger code cache with -XX:ReservedCodeCacheSize=
# This output file may be truncated or incomplete.
#
#  Out of Memory Error (./src/hotspot/os/windows/os_windows.cpp:3386), pid=26968, tid=13772
#
# JRE version:  (11.0.16.1+1) (build )
# Java VM: OpenJDK 64-Bit Server VM (11.0.16.1+1-LTS, mixed mode, sharing, tiered, compressed oops, g1 gc, windows-amd64)
# No core dump will be written. Minidumps are not enabled by default on client versions of Windows
#

---------------  S U M M A R Y ------------

Command Line: com.xamarin.androidx.jetifierWrapper.Main -intermediate obj\Release\120\androidx\_AndroidXJetifyEmbeddedFiles.jetify -parallel

Host: 11th Gen Intel(R) Core(TM) i5-11400 @ 2.60GHz, 12 cores, 15G,  Windows 10 , 64 bit Build 19041 (10.0.19041.3393)
Time: Mon Sep 18 01:01:26 2023 Hora est. Pacífico, Sudamérica elapsed time: 0.009749 seconds (0d 0h 0m 0s)

---------------  T H R E A D  ---------------

Current thread (0x0000026292dca800):  JavaThread "Unknown thread" [_thread_in_vm, id=13772, stack(0x000000ecde600000,0x000000ecde700000)]

Stack: [0x000000ecde600000,0x000000ecde700000]
Native frames: (J=compiled Java code, j=interpreted, Vv=VM code, C=native code)
V  [jvm.dll+0x62652a]
V  [jvm.dll+0x7b3249]
V  [jvm.dll+0x7b4938]
V  [jvm.dll+0x7b5013]
V  [jvm.dll+0x24fca8]
V  [jvm.dll+0x62383a]
V  [jvm.dll+0x617fe5]
V  [jvm.dll+0x307bac]
V  [jvm.dll+0x307a32]
V  [jvm.dll+0x30c746]
V  [jvm.dll+0x352b9f]
V  [jvm.dll+0x3525d0]
V  [jvm.dll+0x2e4ba8]
V  [jvm.dll+0x2e5d06]
V  [jvm.dll+0x78d097]
V  [jvm.dll+0x78e81f]
V  [jvm.dll+0x35f8e9]
V  [jvm.dll+0x770000]
V  [jvm.dll+0x3cd40f]
V  [jvm.dll+0x3cf7a1]
C  [jli.dll+0x5207]
C  [ucrtbase.dll+0x21bb2]
C  [KERNEL32.DLL+0x17344]
C  [ntdll.dll+0x526b1]


---------------  P R O C E S S  ---------------

Threads class SMR info:
_java_thread_list=0x0000026290b92520, length=0, elements={
}

Java Threads: ( => current thread )

Other Threads:
  0x0000026292de2000 GCTaskThread "GC Thread#0" [stack: 0x000000ecde700000,0x000000ecde800000] [id=1420]
  0x0000026292e3f000 ConcurrentGCThread "G1 Main Marker" [stack: 0x000000ecde800000,0x000000ecde900000] [id=23540]
  0x0000026292e42000 ConcurrentGCThread "G1 Conc#0" [stack: 0x000000ecde900000,0x000000ecdea00000] [id=19648]

[error occurred during error reporting (printing all threads), id 0xc0000005, EXCEPTION_ACCESS_VIOLATION (0xc0000005) at pc=0x00007fff551b4377]

VM state:not at safepoint (not fully initialized)

VM Mutex/Monitor currently owned by a thread:  ([mutex/lock_event])
[0x0000026292dc6eb0] Heap_lock - owner thread: 0x0000026292dca800

Heap address: 0x0000000702800000, size: 4056 MB, Compressed Oops mode: Non-zero based: 0x0000000702800000
Narrow klass base: 0x0000000000000000, Narrow klass shift: 0

GC Heap History (0 events):
No events

Deoptimization events (0 events):
No events

Classes redefined (0 events):
No events

Internal exceptions (0 events):
No events

Events (1 events):
Event: 0.005 Loaded shared library C:\Program Files\Microsoft\jdk-11.0.16.101-hotspot\bin\zip.dll


Dynamic libraries:
0x00007ff601ce0000 - 0x00007ff601ced000 	C:\Program Files\Microsoft\jdk-11.0.16.101-hotspot\bin\java.exe
0x00007fffb96d0000 - 0x00007fffb98c8000 	C:\Windows\SYSTEM32\ntdll.dll
0x00007fffb8080000 - 0x00007fffb813d000 	C:\Windows\System32\KERNEL32.DLL
0x00007fffb71b0000 - 0x00007fffb74a6000 	C:\Windows\System32\KERNELBASE.dll
0x00007fffb7590000 - 0x00007fffb7690000 	C:\Windows\System32\ucrtbase.dll
0x00007fffab3b0000 - 0x00007fffab3c7000 	C:\Program Files\Microsoft\jdk-11.0.16.101-hotspot\bin\jli.dll
0x00007fffb2910000 - 0x00007fffb2925000 	C:\Program Files\Microsoft\jdk-11.0.16.101-hotspot\bin\VCRUNTIME140.dll
0x00007fffb9490000 - 0x00007fffb962e000 	C:\Windows\System32\USER32.dll
0x00007fffb7690000 - 0x00007fffb76b2000 	C:\Windows\System32\win32u.dll
0x00007fffb7a20000 - 0x00007fffb7a4c000 	C:\Windows\System32\GDI32.dll
0x00007fffac1e0000 - 0x00007fffac47a000 	C:\Windows\WinSxS\amd64_microsoft.windows.common-controls_6595b64144ccf1df_6.0.19041.1110_none_60b5254171f9507e\COMCTL32.dll
0x00007fffb6ee0000 - 0x00007fffb6ffa000 	C:\Windows\System32\gdi32full.dll
0x00007fffb7d50000 - 0x00007fffb7dee000 	C:\Windows\System32\msvcrt.dll
0x00007fffb6db0000 - 0x00007fffb6e4d000 	C:\Windows\System32\msvcp_win.dll
0x00007fffb7ab0000 - 0x00007fffb7ae0000 	C:\Windows\System32\IMM32.DLL
0x00007fff7d3a0000 - 0x00007fff7d43b000 	C:\Program Files\Microsoft\jdk-11.0.16.101-hotspot\bin\msvcp140.dll
0x00007fff54ec0000 - 0x00007fff55a4a000 	C:\Program Files\Microsoft\jdk-11.0.16.101-hotspot\bin\server\jvm.dll
0x00007fffb7fd0000 - 0x00007fffb807e000 	C:\Windows\System32\ADVAPI32.dll
0x00007fffb7ca0000 - 0x00007fffb7d3c000 	C:\Windows\System32\sechost.dll
0x00007fffb8f90000 - 0x00007fffb90b6000 	C:\Windows\System32\RPCRT4.dll
0x00007fffb7a10000 - 0x00007fffb7a18000 	C:\Windows\System32\PSAPI.DLL
0x00007fffb04e0000 - 0x00007fffb0507000 	C:\Windows\SYSTEM32\WINMM.dll
0x00007fff940c0000 - 0x00007fff940c9000 	C:\Windows\SYSTEM32\WSOCK32.dll
0x00007fffb0fc0000 - 0x00007fffb0fca000 	C:\Windows\SYSTEM32\VERSION.dll
0x00007fffb90c0000 - 0x00007fffb912b000 	C:\Windows\System32\WS2_32.dll
0x00007fffb4c20000 - 0x00007fffb4c32000 	C:\Windows\SYSTEM32\kernel.appcore.dll
0x00007fffaaae0000 - 0x00007fffaaaf0000 	C:\Program Files\Microsoft\jdk-11.0.16.101-hotspot\bin\verify.dll
0x00007fffa2fe0000 - 0x00007fffa31c4000 	C:\Windows\SYSTEM32\DBGHELP.DLL
0x00007fff919b0000 - 0x00007fff919e4000 	C:\Windows\SYSTEM32\dbgcore.DLL
0x00007fffb6e50000 - 0x00007fffb6ed2000 	C:\Windows\System32\bcryptPrimitives.dll
0x00007fff97750000 - 0x00007fff97778000 	C:\Program Files\Microsoft\jdk-11.0.16.101-hotspot\bin\java.dll
0x00007fffa8c90000 - 0x00007fffa8c9a000 	C:\Program Files\Microsoft\jdk-11.0.16.101-hotspot\bin\jimage.dll
0x00007fff9d080000 - 0x00007fff9d098000 	C:\Program Files\Microsoft\jdk-11.0.16.101-hotspot\bin\zip.dll

dbghelp: loaded successfully - version: 4.0.5 - missing functions: none
symbol engine: initialized successfully - sym options: 0x614 - pdb path: .;C:\Program Files\Microsoft\jdk-11.0.16.101-hotspot\bin;C:\Windows\SYSTEM32;C:\Windows\WinSxS\amd64_microsoft.windows.common-controls_6595b64144ccf1df_6.0.19041.1110_none_60b5254171f9507e;C:\Program Files\Microsoft\jdk-11.0.16.101-hotspot\bin\server

VM Arguments:
java_command: com.xamarin.androidx.jetifierWrapper.Main -intermediate obj\Release\120\androidx\_AndroidXJetifyEmbeddedFiles.jetify -parallel
java_class_path (initial): C:\Users\Rask\.nuget\packages\xamarin.androidx.migration\1.0.8\buildTransitive\monoandroid90\Tools/JetifierWrapper/jetifierWrapper-1.0.jar
Launcher Type: SUN_STANDARD

[Global flags]
     intx CICompilerCount                          = 4                                         {product} {ergonomic}
     uint ConcGCThreads                            = 3                                         {product} {ergonomic}
     uint G1ConcRefinementThreads                  = 10                                        {product} {ergonomic}
   size_t G1HeapRegionSize                         = 1048576                                   {product} {ergonomic}
    uintx GCDrainStackTargetSize                   = 64                                        {product} {ergonomic}
   size_t InitialHeapSize                          = 266338304                                 {product} {ergonomic}
   size_t MarkStackSize                            = 4194304                                   {product} {ergonomic}
   size_t MaxHeapSize                              = 4253024256                                {product} {ergonomic}
   size_t MinHeapDeltaBytes                        = 1048576                                   {product} {ergonomic}
    uintx NonNMethodCodeHeapSize                   = 5836300                                {pd product} {ergonomic}
    uintx NonProfiledCodeHeapSize                  = 122910970                              {pd product} {ergonomic}
    uintx ProfiledCodeHeapSize                     = 122910970                              {pd product} {ergonomic}
    uintx ReservedCodeCacheSize                    = 251658240                              {pd product} {ergonomic}
     bool SegmentedCodeCache                       = true                                      {product} {ergonomic}
     bool UseCompressedClassPointers               = true                                 {lp64_product} {ergonomic}
     bool UseCompressedOops                        = true                                 {lp64_product} {ergonomic}
     bool UseG1GC                                  = true                                      {product} {ergonomic}
     bool UseLargePagesIndividualAllocation        = false                                  {pd product} {ergonomic}

Logging:
Log output configuration:
 #0: stdout all=warning uptime,level,tags
 #1: stderr all=off uptime,level,tags

Environment Variables:
PATH=C:\Program Files\Microsoft\jdk-11.0.16.101-hotspot\bin;C:\Program Files\Java\jre1.8.0_341\bin;C:\Program Files (x86)\Common Files\Oracle\Java\javapath;C:\Windows\system32;C:\Windows;C:\Windows\System32\Wbem;C:\Windows\System32\WindowsPowerShell\v1.0\;C:\Windows\System32\OpenSSH\;C:\Program Files\NVIDIA Corporation\NVIDIA NvDLISR;C:\Program Files (x86)\NVIDIA Corporation\PhysX\Common;D:\Rask\OneDrive - integrate transparent metrics\Documentos\sonar-scanner-4.7.0.2747-windows\bin;C:\Program Files\Git\cmd;C:\Program Files\dotnet\;C:\Program Files\nodejs\;C:\Program Files\GTK3-Runtime Win64\bin;C:\Users\Rask\AppData\Local\Programs\Python\Python310\Scripts\;C:\Users\Rask\AppData\Local\Programs\Python\Python310\;C:\Users\Rask\AppData\Local\Microsoft\WindowsApps;C:\Users\Rask\AppData\Local\Programs\Microsoft VS Code\bin;C:\Users\Rask\AppData\Roaming\npm;C:\Users\Rask\.dotnet\tools
USERNAME=Rask
OS=Windows_NT
PROCESSOR_IDENTIFIER=Intel64 Family 6 Model 167 Stepping 1, GenuineIntel
TMP=C:\Users\Rask\AppData\Local\Temp
TEMP=C:\Users\Rask\AppData\Local\Temp



---------------  S Y S T E M  ---------------

OS: Windows 10 , 64 bit Build 19041 (10.0.19041.3393)
OS uptime: 4 days 4:55 hours
Hyper-V role detected

CPU:total 12 (initial active 12) (6 cores per cpu, 2 threads per core) family 6 model 167 stepping 1 microcode 0x50, cmov, cx8, fxsr, mmx, sse, sse2, sse3, ssse3, sse4.1, sse4.2, popcnt, avx, avx2, aes, clmul, erms, 3dnowpref, lzcnt, ht, tsc, tscinvbit, bmi1, bmi2, adx, evex, sha, fma

Memory: 4k page, system-wide physical 16221M (639M free)
TotalPageFile size 44758M (AvailPageFile size 47M)
current process WorkingSet (physical memory assigned to process): 10M, peak: 10M
current process commit charge ("private bytes"): 64M, peak: 318M

vm_info: OpenJDK 64-Bit Server VM (11.0.16.1+1-LTS) for windows-amd64 JRE (11.0.16.1+1-LTS), built on Aug 20 2022 20:09:04 by "" with MS VC++ 15.9 (VS2017)

END.
