#
# There is insufficient memory for the Java Runtime Environment to continue.
# Native memory allocation (mmap) failed to map 53477376 bytes for Failed to commit area from 0x0000000712600000 to 0x0000000715900000 of length 53477376.
# Possible reasons:
#   The system is out of physical RAM or swap space
#   The process is running with CompressedOops enabled, and the Java Heap may be blocking the growth of the native heap
# Possible solutions:
#   Reduce memory load on the system
#   Increase physical memory or swap space
#   Check if swap backing store is full
#   Decrease Java heap size (-Xmx/-Xms)
#   Decrease number of Java threads
#   Decrease Java thread stack sizes (-Xss)
#   Set larger code cache with -XX:ReservedCodeCacheSize=
#   JVM is running with Zero Based Compressed Oops mode in which the Java heap is
#     placed in the first 32GB address space. The Java Heap base address is the
#     maximum limit for the native heap growth. Please use -XX:HeapBaseMinAddress
#     to set the Java Heap base and to place the Java Heap above 32GB virtual address.
# This output file may be truncated or incomplete.
#
#  Out of Memory Error (./src/hotspot/os/windows/os_windows.cpp:3386), pid=29316, tid=29976
#
# JRE version: OpenJDK Runtime Environment Microsoft-40648 (11.0.16.1+1) (build 11.0.16.1+1-LTS)
# Java VM: OpenJDK 64-Bit Server VM Microsoft-40648 (11.0.16.1+1-LTS, mixed mode, tiered, compressed oops, g1 gc, windows-amd64)
# No core dump will be written. Minidumps are not enabled by default on client versions of Windows
#

---------------  S U M M A R Y ------------

Command Line: com.xamarin.androidx.jetifierWrapper.Main -intermediate obj\Debug\120\androidx\_AndroidXJetifyEmbeddedFiles.jetify -parallel

Host: 11th Gen Intel(R) Core(TM) i5-11400 @ 2.60GHz, 12 cores, 15G,  Windows 10 , 64 bit Build 19041 (10.0.19041.3393)
Time: Mon Sep 18 01:02:32 2023 Hora est. Pacífico, Sudamérica elapsed time: 1.474832 seconds (0d 0h 0m 1s)

---------------  T H R E A D  ---------------

Current thread (0x00000146d37b0800):  VMThread "VM Thread" [stack: 0x0000003924e00000,0x0000003924f00000] [id=29976]

Stack: [0x0000003924e00000,0x0000003924f00000]
[error occurred during error reporting (printing stack bounds), id 0xc0000005, EXCEPTION_ACCESS_VIOLATION (0xc0000005) at pc=0x00000146b7e312e7]

Native frames: (J=compiled Java code, j=interpreted, Vv=VM code, C=native code)
V  [jvm.dll+0x62652a]
V  [jvm.dll+0x7b3249]
V  [jvm.dll+0x7b4938]
V  [jvm.dll+0x7b4f75]
V  [jvm.dll+0x7b4f2b]
V  [jvm.dll+0x6258b7]
V  [jvm.dll+0x625fc8]
C  [ntdll.dll+0xa221f]
C  [ntdll.dll+0x514b4]
C  [ntdll.dll+0xa0d2e]
C  0x00000146b7e312e7

VM_Operation (0x00000039263fd890): G1CollectForAllocation, mode: safepoint, requested by thread 0x00000146d497d800


---------------  P R O C E S S  ---------------

Threads class SMR info:
_java_thread_list=0x00000146d4986c20, length=22, elements={
0x00000146af6ca800, 0x00000146d37b3800, 0x00000146d4066000, 0x00000146d40d6800,
0x00000146d40da000, 0x00000146d40dc000, 0x00000146d4081800, 0x00000146d4084800,
0x00000146d408a000, 0x00000146d424e000, 0x00000146d4319000, 0x00000146d47c1800,
0x00000146d4a6d800, 0x00000146d4992000, 0x00000146d4a50800, 0x00000146d4a51800,
0x00000146d49da000, 0x00000146d4a29800, 0x00000146d4a2a000, 0x00000146d497d000,
0x00000146d497d800, 0x00000146d4a53000
}

Java Threads: ( => current thread )
  0x00000146af6ca800 JavaThread "main" [_thread_blocked, id=27304, stack(0x0000003924800000,0x0000003924900000)]
  0x00000146d37b3800 JavaThread "Reference Handler" daemon [_thread_blocked, id=7364, stack(0x0000003924f00000,0x0000003925000000)]
  0x00000146d4066000 JavaThread "Finalizer" daemon [_thread_blocked, id=26024, stack(0x0000003925000000,0x0000003925100000)]
  0x00000146d40d6800 JavaThread "Signal Dispatcher" daemon [_thread_blocked, id=13432, stack(0x0000003925100000,0x0000003925200000)]
  0x00000146d40da000 JavaThread "Attach Listener" daemon [_thread_blocked, id=15464, stack(0x0000003925200000,0x0000003925300000)]
  0x00000146d40dc000 JavaThread "Service Thread" daemon [_thread_blocked, id=15948, stack(0x0000003925300000,0x0000003925400000)]
  0x00000146d4081800 JavaThread "C2 CompilerThread0" daemon [_thread_blocked, id=29952, stack(0x0000003925400000,0x0000003925500000)]
  0x00000146d4084800 JavaThread "C1 CompilerThread0" daemon [_thread_blocked, id=29800, stack(0x0000003925500000,0x0000003925600000)]
  0x00000146d408a000 JavaThread "Sweeper thread" daemon [_thread_blocked, id=25696, stack(0x0000003925600000,0x0000003925700000)]
  0x00000146d424e000 JavaThread "Common-Cleaner" daemon [_thread_blocked, id=8284, stack(0x0000003925800000,0x0000003925900000)]
  0x00000146d4319000 JavaThread "C2 CompilerThread1" daemon [_thread_blocked, id=13952, stack(0x0000003925900000,0x0000003925a00000)]
  0x00000146d47c1800 JavaThread "C2 CompilerThread2" daemon [_thread_in_native, id=23992, stack(0x0000003925a00000,0x0000003925b00000)]
  0x00000146d4a6d800 JavaThread "pool-1-thread-1" [_thread_blocked, id=13152, stack(0x0000003925b00000,0x0000003925c00000)]
  0x00000146d4992000 JavaThread "pool-1-thread-2" [_thread_blocked, id=24964, stack(0x0000003925c00000,0x0000003925d00000)]
  0x00000146d4a50800 JavaThread "pool-1-thread-3" [_thread_blocked, id=26560, stack(0x0000003925d00000,0x0000003925e00000)]
  0x00000146d4a51800 JavaThread "pool-1-thread-4" [_thread_in_native, id=15588, stack(0x0000003925e00000,0x0000003925f00000)]
  0x00000146d49da000 JavaThread "pool-1-thread-5" [_thread_in_native, id=5068, stack(0x0000003925f00000,0x0000003926000000)]
  0x00000146d4a29800 JavaThread "pool-1-thread-6" [_thread_blocked, id=8788, stack(0x0000003926000000,0x0000003926100000)]
  0x00000146d4a2a000 JavaThread "pool-1-thread-7" [_thread_blocked, id=10344, stack(0x0000003926100000,0x0000003926200000)]
  0x00000146d497d000 JavaThread "pool-1-thread-8" [_thread_blocked, id=14616, stack(0x0000003926200000,0x0000003926300000)]
  0x00000146d497d800 JavaThread "pool-1-thread-9" [_thread_blocked, id=21576, stack(0x0000003926300000,0x0000003926400000)]
  0x00000146d4a53000 JavaThread "pool-1-thread-10" [_thread_blocked, id=14424, stack(0x0000003926400000,0x0000003926500000)]

Other Threads:
=>0x00000146d37b0800 VMThread "VM Thread" [stack: 0x0000003924e00000,0x0000003924f00000] [id=29976]
  0x00000146d424d000 WatcherThread [stack: 0x0000003925700000,0x0000003925800000] [id=30820]
  0x00000146af6e2000 GCTaskThread "GC Thread#0" [stack: 0x0000003924900000,0x0000003924a00000] [id=25736]
  0x00000146d4af3800 GCTaskThread "GC Thread#1" [stack: 0x0000003926500000,0x0000003926600000] [id=23512]
  0x00000146d4af4000 GCTaskThread "GC Thread#2" [stack: 0x0000003926600000,0x0000003926700000] [id=30260]
  0x00000146d4af5000 GCTaskThread "GC Thread#3" [stack: 0x0000003926700000,0x0000003926800000] [id=27396]
  0x00000146d4b4b800 GCTaskThread "GC Thread#4" [stack: 0x0000003926800000,0x0000003926900000] [id=3492]
  0x00000146d4b4c000 GCTaskThread "GC Thread#5" [stack: 0x0000003926900000,0x0000003926a00000] [id=14536]
  0x00000146d4b4c800 GCTaskThread "GC Thread#6" [stack: 0x0000003926a00000,0x0000003926b00000] [id=13844]
  0x00000146d494b000 GCTaskThread "GC Thread#7" [stack: 0x0000003926b00000,0x0000003926c00000] [id=18456]
  0x00000146d4bac000 GCTaskThread "GC Thread#8" [stack: 0x0000003926c00000,0x0000003926d00000] [id=29516]
  0x00000146d4bac800 GCTaskThread "GC Thread#9" [stack: 0x0000003926d00000,0x0000003926e00000] [id=25352]
  0x00000146af742000 ConcurrentGCThread "G1 Main Marker" [stack: 0x0000003924a00000,0x0000003924b00000] [id=21020]
  0x00000146af744000 ConcurrentGCThread "G1 Conc#0" [stack: 0x0000003924b00000,0x0000003924c00000] [id=25528]
  0x00000146d369d000 ConcurrentGCThread "G1 Refine#0" [stack: 0x0000003924c00000,0x0000003924d00000] [id=22484]
  0x00000146d369e000 ConcurrentGCThread "G1 Young RemSet Sampling" [stack: 0x0000003924d00000,0x0000003924e00000] [id=8304]

Threads with active compile tasks:
C2 CompilerThread0     1482 2441       4       org.objectweb.asm.ClassReader::readCode (3575 bytes)
C2 CompilerThread1     1482 2469       4       org.objectweb.asm.commons.Remapper::mapMethodDesc (108 bytes)
C2 CompilerThread2     1482 2182       4       org.objectweb.asm.commons.Remapper::mapDesc (131 bytes)

VM state:at safepoint (normal execution)

VM Mutex/Monitor currently owned by a thread:  ([mutex/lock_event])
[0x00000146af6c6ac0] Threads_lock - owner thread: 0x00000146d37b0800
[0x00000146af6c55f0] Heap_lock - owner thread: 0x00000146d497d800

Heap address: 0x0000000702800000, size: 4056 MB, Compressed Oops mode: Zero based, Oop shift amount: 3
Narrow klass base: 0x0000000800000000, Narrow klass shift: 0
Compressed class space size: 1073741824 Address: 0x0000000800000000

Heap:
 garbage-first heap   total 312320K, used 28672K [0x0000000702800000, 0x0000000800000000)
  region size 1024K, 11 young (11264K), 11 survivors (11264K)
 Metaspace       used 13832K, capacity 14079K, committed 14336K, reserved 1062912K
  class space    used 1108K, capacity 1175K, committed 1280K, reserved 1048576K
Heap Regions: E=young(eden), S=young(survivor), O=old, HS=humongous(starts), HC=humongous(continues), CS=collection set, F=free, A=archive, TAMS=top-at-mark-start (previous, next)
|   0|0x0000000702800000, 0x0000000702800000, 0x0000000702900000|  0%| F|  |TAMS 0x0000000702800000, 0x0000000702800000| Untracked 
|   1|0x0000000702900000, 0x0000000702a00000, 0x0000000702a00000|100%| O|  |TAMS 0x0000000702900000, 0x0000000702900000| Untracked 
|   2|0x0000000702a00000, 0x0000000702a00000, 0x0000000702b00000|  0%| F|  |TAMS 0x0000000702a00000, 0x0000000702a00000| Untracked 
|   3|0x0000000702b00000, 0x0000000702b00000, 0x0000000702c00000|  0%| F|  |TAMS 0x0000000702b00000, 0x0000000702b00000| Untracked 
|   4|0x0000000702c00000, 0x0000000702c00000, 0x0000000702d00000|  0%| F|  |TAMS 0x0000000702c00000, 0x0000000702c00000| Untracked 
|   5|0x0000000702d00000, 0x0000000702d00000, 0x0000000702e00000|  0%| F|  |TAMS 0x0000000702d00000, 0x0000000702d00000| Untracked 
|   6|0x0000000702e00000, 0x0000000702e00000, 0x0000000702f00000|  0%| F|  |TAMS 0x0000000702e00000, 0x0000000702e00000| Untracked 
|   7|0x0000000702f00000, 0x0000000702f00000, 0x0000000703000000|  0%| F|  |TAMS 0x0000000702f00000, 0x0000000702f00000| Untracked 
|   8|0x0000000703000000, 0x0000000703000000, 0x0000000703100000|  0%| F|  |TAMS 0x0000000703000000, 0x0000000703000000| Untracked 
|   9|0x0000000703100000, 0x0000000703200000, 0x0000000703200000|100%| O|  |TAMS 0x0000000703100000, 0x0000000703100000| Untracked 
|  10|0x0000000703200000, 0x0000000703300000, 0x0000000703300000|100%| O|  |TAMS 0x0000000703200000, 0x0000000703200000| Untracked 
|  11|0x0000000703300000, 0x0000000703400000, 0x0000000703400000|100%| O|  |TAMS 0x0000000703300000, 0x0000000703300000| Untracked 
|  12|0x0000000703400000, 0x0000000703500000, 0x0000000703500000|100%| O|  |TAMS 0x0000000703400000, 0x0000000703400000| Untracked 
|  13|0x0000000703500000, 0x0000000703600000, 0x0000000703600000|100%| O|  |TAMS 0x0000000703500000, 0x0000000703500000| Untracked 
|  14|0x0000000703600000, 0x0000000703700000, 0x0000000703700000|100%| O|  |TAMS 0x0000000703600000, 0x0000000703600000| Untracked 
|  15|0x0000000703700000, 0x0000000703800000, 0x0000000703800000|100%| O|  |TAMS 0x0000000703700000, 0x0000000703700000| Untracked 
|  16|0x0000000703800000, 0x0000000703900000, 0x0000000703900000|100%| O|  |TAMS 0x0000000703800000, 0x0000000703800000| Untracked 
|  17|0x0000000703900000, 0x0000000703a00000, 0x0000000703a00000|100%| O|  |TAMS 0x0000000703900000, 0x0000000703900000| Untracked 
|  18|0x0000000703a00000, 0x0000000703b00000, 0x0000000703b00000|100%| O|  |TAMS 0x0000000703a00000, 0x0000000703a00000| Untracked 
|  19|0x0000000703b00000, 0x0000000703c00000, 0x0000000703c00000|100%| O|  |TAMS 0x0000000703b00000, 0x0000000703b00000| Untracked 
|  20|0x0000000703c00000, 0x0000000703d00000, 0x0000000703d00000|100%| O|  |TAMS 0x0000000703c00000, 0x0000000703c00000| Untracked 
|  21|0x0000000703d00000, 0x0000000703e00000, 0x0000000703e00000|100%| O|  |TAMS 0x0000000703d00000, 0x0000000703d00000| Untracked 
|  22|0x0000000703e00000, 0x0000000703f00000, 0x0000000703f00000|100%| O|  |TAMS 0x0000000703e00000, 0x0000000703e00000| Untracked 
|  23|0x0000000703f00000, 0x0000000704000000, 0x0000000704000000|100%| O|  |TAMS 0x0000000703f00000, 0x0000000703f00000| Untracked 
|  24|0x0000000704000000, 0x0000000704100000, 0x0000000704100000|100%| O|  |TAMS 0x0000000704000000, 0x0000000704000000| Untracked 
|  25|0x0000000704100000, 0x0000000704100000, 0x0000000704200000|  0%| F|  |TAMS 0x0000000704100000, 0x0000000704100000| Untracked 
|  26|0x0000000704200000, 0x0000000704200000, 0x0000000704300000|  0%| F|  |TAMS 0x0000000704200000, 0x0000000704200000| Untracked 
|  27|0x0000000704300000, 0x0000000704300000, 0x0000000704400000|  0%| F|  |TAMS 0x0000000704300000, 0x0000000704300000| Untracked 
|  28|0x0000000704400000, 0x0000000704400000, 0x0000000704500000|  0%| F|  |TAMS 0x0000000704400000, 0x0000000704400000| Untracked 
|  29|0x0000000704500000, 0x0000000704500000, 0x0000000704600000|  0%| F|  |TAMS 0x0000000704500000, 0x0000000704500000| Untracked 
|  30|0x0000000704600000, 0x0000000704600000, 0x0000000704700000|  0%| F|  |TAMS 0x0000000704600000, 0x0000000704600000| Untracked 
|  31|0x0000000704700000, 0x0000000704700000, 0x0000000704800000|  0%| F|  |TAMS 0x0000000704700000, 0x0000000704700000| Untracked 
|  32|0x0000000704800000, 0x0000000704800000, 0x0000000704900000|  0%| F|  |TAMS 0x0000000704800000, 0x0000000704800000| Untracked 
|  33|0x0000000704900000, 0x0000000704900000, 0x0000000704a00000|  0%| F|  |TAMS 0x0000000704900000, 0x0000000704900000| Untracked 
|  34|0x0000000704a00000, 0x0000000704a00000, 0x0000000704b00000|  0%| F|  |TAMS 0x0000000704a00000, 0x0000000704a00000| Untracked 
|  35|0x0000000704b00000, 0x0000000704b00000, 0x0000000704c00000|  0%| F|  |TAMS 0x0000000704b00000, 0x0000000704b00000| Untracked 
|  36|0x0000000704c00000, 0x0000000704c00000, 0x0000000704d00000|  0%| F|  |TAMS 0x0000000704c00000, 0x0000000704c00000| Untracked 
|  37|0x0000000704d00000, 0x0000000704d00000, 0x0000000704e00000|  0%| F|  |TAMS 0x0000000704d00000, 0x0000000704d00000| Untracked 
|  38|0x0000000704e00000, 0x0000000704e00000, 0x0000000704f00000|  0%| F|  |TAMS 0x0000000704e00000, 0x0000000704e00000| Untracked 
|  39|0x0000000704f00000, 0x0000000704f00000, 0x0000000705000000|  0%| F|  |TAMS 0x0000000704f00000, 0x0000000704f00000| Untracked 
|  40|0x0000000705000000, 0x0000000705000000, 0x0000000705100000|  0%| F|  |TAMS 0x0000000705000000, 0x0000000705000000| Untracked 
|  41|0x0000000705100000, 0x0000000705100000, 0x0000000705200000|  0%| F|  |TAMS 0x0000000705100000, 0x0000000705100000| Untracked 
|  42|0x0000000705200000, 0x0000000705200000, 0x0000000705300000|  0%| F|  |TAMS 0x0000000705200000, 0x0000000705200000| Untracked 
|  43|0x0000000705300000, 0x0000000705300000, 0x0000000705400000|  0%| F|  |TAMS 0x0000000705300000, 0x0000000705300000| Untracked 
|  44|0x0000000705400000, 0x0000000705400000, 0x0000000705500000|  0%| F|  |TAMS 0x0000000705400000, 0x0000000705400000| Untracked 
|  45|0x0000000705500000, 0x0000000705500000, 0x0000000705600000|  0%| F|  |TAMS 0x0000000705500000, 0x0000000705500000| Untracked 
|  46|0x0000000705600000, 0x0000000705600000, 0x0000000705700000|  0%| F|  |TAMS 0x0000000705600000, 0x0000000705600000| Untracked 
|  47|0x0000000705700000, 0x0000000705700000, 0x0000000705800000|  0%| F|  |TAMS 0x0000000705700000, 0x0000000705700000| Untracked 
|  48|0x0000000705800000, 0x0000000705800000, 0x0000000705900000|  0%| F|  |TAMS 0x0000000705800000, 0x0000000705800000| Untracked 
|  49|0x0000000705900000, 0x0000000705900000, 0x0000000705a00000|  0%| F|  |TAMS 0x0000000705900000, 0x0000000705900000| Untracked 
|  50|0x0000000705a00000, 0x0000000705a00000, 0x0000000705b00000|  0%| F|  |TAMS 0x0000000705a00000, 0x0000000705a00000| Untracked 
|  51|0x0000000705b00000, 0x0000000705b00000, 0x0000000705c00000|  0%| F|  |TAMS 0x0000000705b00000, 0x0000000705b00000| Untracked 
|  52|0x0000000705c00000, 0x0000000705c00000, 0x0000000705d00000|  0%| F|  |TAMS 0x0000000705c00000, 0x0000000705c00000| Untracked 
|  53|0x0000000705d00000, 0x0000000705d00000, 0x0000000705e00000|  0%| F|  |TAMS 0x0000000705d00000, 0x0000000705d00000| Untracked 
|  54|0x0000000705e00000, 0x0000000705e00000, 0x0000000705f00000|  0%| F|  |TAMS 0x0000000705e00000, 0x0000000705e00000| Untracked 
|  55|0x0000000705f00000, 0x0000000705f00000, 0x0000000706000000|  0%| F|  |TAMS 0x0000000705f00000, 0x0000000705f00000| Untracked 
|  56|0x0000000706000000, 0x0000000706000000, 0x0000000706100000|  0%| F|  |TAMS 0x0000000706000000, 0x0000000706000000| Untracked 
|  57|0x0000000706100000, 0x0000000706100000, 0x0000000706200000|  0%| F|  |TAMS 0x0000000706100000, 0x0000000706100000| Untracked 
|  58|0x0000000706200000, 0x0000000706200000, 0x0000000706300000|  0%| F|  |TAMS 0x0000000706200000, 0x0000000706200000| Untracked 
|  59|0x0000000706300000, 0x0000000706300000, 0x0000000706400000|  0%| F|  |TAMS 0x0000000706300000, 0x0000000706300000| Untracked 
|  60|0x0000000706400000, 0x0000000706400000, 0x0000000706500000|  0%| F|  |TAMS 0x0000000706400000, 0x0000000706400000| Untracked 
|  61|0x0000000706500000, 0x0000000706500000, 0x0000000706600000|  0%| F|  |TAMS 0x0000000706500000, 0x0000000706500000| Untracked 
|  62|0x0000000706600000, 0x0000000706600000, 0x0000000706700000|  0%| F|  |TAMS 0x0000000706600000, 0x0000000706600000| Untracked 
|  63|0x0000000706700000, 0x0000000706700000, 0x0000000706800000|  0%| F|  |TAMS 0x0000000706700000, 0x0000000706700000| Untracked 
|  64|0x0000000706800000, 0x0000000706800000, 0x0000000706900000|  0%| F|  |TAMS 0x0000000706800000, 0x0000000706800000| Untracked 
|  65|0x0000000706900000, 0x0000000706900000, 0x0000000706a00000|  0%| F|  |TAMS 0x0000000706900000, 0x0000000706900000| Untracked 
|  66|0x0000000706a00000, 0x0000000706a00000, 0x0000000706b00000|  0%| F|  |TAMS 0x0000000706a00000, 0x0000000706a00000| Untracked 
|  67|0x0000000706b00000, 0x0000000706b00000, 0x0000000706c00000|  0%| F|  |TAMS 0x0000000706b00000, 0x0000000706b00000| Untracked 
|  68|0x0000000706c00000, 0x0000000706c00000, 0x0000000706d00000|  0%| F|  |TAMS 0x0000000706c00000, 0x0000000706c00000| Untracked 
|  69|0x0000000706d00000, 0x0000000706d00000, 0x0000000706e00000|  0%| F|  |TAMS 0x0000000706d00000, 0x0000000706d00000| Untracked 
|  70|0x0000000706e00000, 0x0000000706e00000, 0x0000000706f00000|  0%| F|  |TAMS 0x0000000706e00000, 0x0000000706e00000| Untracked 
|  71|0x0000000706f00000, 0x0000000706f00000, 0x0000000707000000|  0%| F|  |TAMS 0x0000000706f00000, 0x0000000706f00000| Untracked 
|  72|0x0000000707000000, 0x0000000707000000, 0x0000000707100000|  0%| F|  |TAMS 0x0000000707000000, 0x0000000707000000| Untracked 
|  73|0x0000000707100000, 0x0000000707100000, 0x0000000707200000|  0%| F|  |TAMS 0x0000000707100000, 0x0000000707100000| Untracked 
|  74|0x0000000707200000, 0x0000000707200000, 0x0000000707300000|  0%| F|  |TAMS 0x0000000707200000, 0x0000000707200000| Untracked 
|  75|0x0000000707300000, 0x0000000707300000, 0x0000000707400000|  0%| F|  |TAMS 0x0000000707300000, 0x0000000707300000| Untracked 
|  76|0x0000000707400000, 0x0000000707400000, 0x0000000707500000|  0%| F|  |TAMS 0x0000000707400000, 0x0000000707400000| Untracked 
|  77|0x0000000707500000, 0x0000000707500000, 0x0000000707600000|  0%| F|  |TAMS 0x0000000707500000, 0x0000000707500000| Untracked 
|  78|0x0000000707600000, 0x0000000707600000, 0x0000000707700000|  0%| F|  |TAMS 0x0000000707600000, 0x0000000707600000| Untracked 
|  79|0x0000000707700000, 0x0000000707700000, 0x0000000707800000|  0%| F|  |TAMS 0x0000000707700000, 0x0000000707700000| Untracked 
|  80|0x0000000707800000, 0x0000000707800000, 0x0000000707900000|  0%| F|  |TAMS 0x0000000707800000, 0x0000000707800000| Untracked 
|  81|0x0000000707900000, 0x0000000707900000, 0x0000000707a00000|  0%| F|  |TAMS 0x0000000707900000, 0x0000000707900000| Untracked 
|  82|0x0000000707a00000, 0x0000000707a00000, 0x0000000707b00000|  0%| F|  |TAMS 0x0000000707a00000, 0x0000000707a00000| Untracked 
|  83|0x0000000707b00000, 0x0000000707b00000, 0x0000000707c00000|  0%| F|  |TAMS 0x0000000707b00000, 0x0000000707b00000| Untracked 
|  84|0x0000000707c00000, 0x0000000707c00000, 0x0000000707d00000|  0%| F|  |TAMS 0x0000000707c00000, 0x0000000707c00000| Untracked 
|  85|0x0000000707d00000, 0x0000000707d00000, 0x0000000707e00000|  0%| F|  |TAMS 0x0000000707d00000, 0x0000000707d00000| Untracked 
|  86|0x0000000707e00000, 0x0000000707e00000, 0x0000000707f00000|  0%| F|  |TAMS 0x0000000707e00000, 0x0000000707e00000| Untracked 
|  87|0x0000000707f00000, 0x0000000707f00000, 0x0000000708000000|  0%| F|  |TAMS 0x0000000707f00000, 0x0000000707f00000| Untracked 
|  88|0x0000000708000000, 0x0000000708000000, 0x0000000708100000|  0%| F|  |TAMS 0x0000000708000000, 0x0000000708000000| Untracked 
|  89|0x0000000708100000, 0x0000000708100000, 0x0000000708200000|  0%| F|  |TAMS 0x0000000708100000, 0x0000000708100000| Untracked 
|  90|0x0000000708200000, 0x0000000708200000, 0x0000000708300000|  0%| F|  |TAMS 0x0000000708200000, 0x0000000708200000| Untracked 
|  91|0x0000000708300000, 0x0000000708300000, 0x0000000708400000|  0%| F|  |TAMS 0x0000000708300000, 0x0000000708300000| Untracked 
|  92|0x0000000708400000, 0x0000000708400000, 0x0000000708500000|  0%| F|  |TAMS 0x0000000708400000, 0x0000000708400000| Untracked 
|  93|0x0000000708500000, 0x0000000708500000, 0x0000000708600000|  0%| F|  |TAMS 0x0000000708500000, 0x0000000708500000| Untracked 
|  94|0x0000000708600000, 0x0000000708600000, 0x0000000708700000|  0%| F|  |TAMS 0x0000000708600000, 0x0000000708600000| Untracked 
|  95|0x0000000708700000, 0x0000000708700000, 0x0000000708800000|  0%| F|  |TAMS 0x0000000708700000, 0x0000000708700000| Untracked 
|  96|0x0000000708800000, 0x0000000708800000, 0x0000000708900000|  0%| F|  |TAMS 0x0000000708800000, 0x0000000708800000| Untracked 
|  97|0x0000000708900000, 0x0000000708900000, 0x0000000708a00000|  0%| F|  |TAMS 0x0000000708900000, 0x0000000708900000| Untracked 
|  98|0x0000000708a00000, 0x0000000708a00000, 0x0000000708b00000|  0%| F|  |TAMS 0x0000000708a00000, 0x0000000708a00000| Untracked 
|  99|0x0000000708b00000, 0x0000000708b00000, 0x0000000708c00000|  0%| F|  |TAMS 0x0000000708b00000, 0x0000000708b00000| Untracked 
| 100|0x0000000708c00000, 0x0000000708c00000, 0x0000000708d00000|  0%| F|  |TAMS 0x0000000708c00000, 0x0000000708c00000| Untracked 
| 101|0x0000000708d00000, 0x0000000708d00000, 0x0000000708e00000|  0%| F|  |TAMS 0x0000000708d00000, 0x0000000708d00000| Untracked 
| 102|0x0000000708e00000, 0x0000000708e00000, 0x0000000708f00000|  0%| F|  |TAMS 0x0000000708e00000, 0x0000000708e00000| Untracked 
| 103|0x0000000708f00000, 0x0000000708f00000, 0x0000000709000000|  0%| F|  |TAMS 0x0000000708f00000, 0x0000000708f00000| Untracked 
| 104|0x0000000709000000, 0x0000000709100000, 0x0000000709100000|100%| S|CS|TAMS 0x0000000709000000, 0x0000000709000000| Complete 
| 105|0x0000000709100000, 0x0000000709200000, 0x0000000709200000|100%| S|CS|TAMS 0x0000000709100000, 0x0000000709100000| Complete 
| 106|0x0000000709200000, 0x0000000709300000, 0x0000000709300000|100%| S|CS|TAMS 0x0000000709200000, 0x0000000709200000| Complete 
| 107|0x0000000709300000, 0x0000000709400000, 0x0000000709400000|100%| S|CS|TAMS 0x0000000709300000, 0x0000000709300000| Complete 
| 108|0x0000000709400000, 0x0000000709500000, 0x0000000709500000|100%| S|CS|TAMS 0x0000000709400000, 0x0000000709400000| Complete 
| 109|0x0000000709500000, 0x0000000709600000, 0x0000000709600000|100%| S|CS|TAMS 0x0000000709500000, 0x0000000709500000| Complete 
| 110|0x0000000709600000, 0x0000000709700000, 0x0000000709700000|100%| S|CS|TAMS 0x0000000709600000, 0x0000000709600000| Complete 
| 111|0x0000000709700000, 0x0000000709800000, 0x0000000709800000|100%| S|CS|TAMS 0x0000000709700000, 0x0000000709700000| Complete 
| 112|0x0000000709800000, 0x0000000709900000, 0x0000000709900000|100%| S|CS|TAMS 0x0000000709800000, 0x0000000709800000| Complete 
| 113|0x0000000709900000, 0x0000000709a00000, 0x0000000709a00000|100%| S|CS|TAMS 0x0000000709900000, 0x0000000709900000| Complete 
| 114|0x0000000709a00000, 0x0000000709b00000, 0x0000000709b00000|100%| S|CS|TAMS 0x0000000709a00000, 0x0000000709a00000| Complete 
| 115|0x0000000709b00000, 0x0000000709b00000, 0x0000000709c00000|  0%| F|  |TAMS 0x0000000709b00000, 0x0000000709b00000| Untracked 
| 116|0x0000000709c00000, 0x0000000709c00000, 0x0000000709d00000|  0%| F|  |TAMS 0x0000000709c00000, 0x0000000709c00000| Untracked 
| 117|0x0000000709d00000, 0x0000000709d00000, 0x0000000709e00000|  0%| F|  |TAMS 0x0000000709d00000, 0x0000000709d00000| Untracked 
| 118|0x0000000709e00000, 0x0000000709e00000, 0x0000000709f00000|  0%| F|  |TAMS 0x0000000709e00000, 0x0000000709e00000| Untracked 
| 119|0x0000000709f00000, 0x0000000709f00000, 0x000000070a000000|  0%| F|  |TAMS 0x0000000709f00000, 0x0000000709f00000| Untracked 
| 120|0x000000070a000000, 0x000000070a000000, 0x000000070a100000|  0%| F|  |TAMS 0x000000070a000000, 0x000000070a000000| Untracked 
| 121|0x000000070a100000, 0x000000070a100000, 0x000000070a200000|  0%| F|  |TAMS 0x000000070a100000, 0x000000070a100000| Untracked 
| 122|0x000000070a200000, 0x000000070a200000, 0x000000070a300000|  0%| F|  |TAMS 0x000000070a200000, 0x000000070a200000| Untracked 
| 123|0x000000070a300000, 0x000000070a300000, 0x000000070a400000|  0%| F|  |TAMS 0x000000070a300000, 0x000000070a300000| Untracked 
| 124|0x000000070a400000, 0x000000070a400000, 0x000000070a500000|  0%| F|  |TAMS 0x000000070a400000, 0x000000070a400000| Untracked 
| 125|0x000000070a500000, 0x000000070a500000, 0x000000070a600000|  0%| F|  |TAMS 0x000000070a500000, 0x000000070a500000| Untracked 
| 126|0x000000070a600000, 0x000000070a600000, 0x000000070a700000|  0%| F|  |TAMS 0x000000070a600000, 0x000000070a600000| Untracked 
| 127|0x000000070a700000, 0x000000070a700000, 0x000000070a800000|  0%| F|  |TAMS 0x000000070a700000, 0x000000070a700000| Untracked 
| 128|0x000000070a800000, 0x000000070a800000, 0x000000070a900000|  0%| F|  |TAMS 0x000000070a800000, 0x000000070a800000| Untracked 
| 129|0x000000070a900000, 0x000000070a900000, 0x000000070aa00000|  0%| F|  |TAMS 0x000000070a900000, 0x000000070a900000| Untracked 
| 130|0x000000070aa00000, 0x000000070aa00000, 0x000000070ab00000|  0%| F|  |TAMS 0x000000070aa00000, 0x000000070aa00000| Untracked 
| 131|0x000000070ab00000, 0x000000070ab00000, 0x000000070ac00000|  0%| F|  |TAMS 0x000000070ab00000, 0x000000070ab00000| Untracked 
| 132|0x000000070ac00000, 0x000000070ac00000, 0x000000070ad00000|  0%| F|  |TAMS 0x000000070ac00000, 0x000000070ac00000| Untracked 
| 133|0x000000070ad00000, 0x000000070ad00000, 0x000000070ae00000|  0%| F|  |TAMS 0x000000070ad00000, 0x000000070ad00000| Untracked 
| 134|0x000000070ae00000, 0x000000070ae00000, 0x000000070af00000|  0%| F|  |TAMS 0x000000070ae00000, 0x000000070ae00000| Untracked 
| 135|0x000000070af00000, 0x000000070af00000, 0x000000070b000000|  0%| F|  |TAMS 0x000000070af00000, 0x000000070af00000| Untracked 
| 136|0x000000070b000000, 0x000000070b000000, 0x000000070b100000|  0%| F|  |TAMS 0x000000070b000000, 0x000000070b000000| Untracked 
| 137|0x000000070b100000, 0x000000070b100000, 0x000000070b200000|  0%| F|  |TAMS 0x000000070b100000, 0x000000070b100000| Untracked 
| 138|0x000000070b200000, 0x000000070b200000, 0x000000070b300000|  0%| F|  |TAMS 0x000000070b200000, 0x000000070b200000| Untracked 
| 139|0x000000070b300000, 0x000000070b300000, 0x000000070b400000|  0%| F|  |TAMS 0x000000070b300000, 0x000000070b300000| Untracked 
| 140|0x000000070b400000, 0x000000070b400000, 0x000000070b500000|  0%| F|  |TAMS 0x000000070b400000, 0x000000070b400000| Untracked 
| 141|0x000000070b500000, 0x000000070b500000, 0x000000070b600000|  0%| F|  |TAMS 0x000000070b500000, 0x000000070b500000| Untracked 
| 142|0x000000070b600000, 0x000000070b600000, 0x000000070b700000|  0%| F|  |TAMS 0x000000070b600000, 0x000000070b600000| Untracked 
| 143|0x000000070b700000, 0x000000070b700000, 0x000000070b800000|  0%| F|  |TAMS 0x000000070b700000, 0x000000070b700000| Untracked 
| 144|0x000000070b800000, 0x000000070b800000, 0x000000070b900000|  0%| F|  |TAMS 0x000000070b800000, 0x000000070b800000| Untracked 
| 145|0x000000070b900000, 0x000000070b900000, 0x000000070ba00000|  0%| F|  |TAMS 0x000000070b900000, 0x000000070b900000| Untracked 
| 146|0x000000070ba00000, 0x000000070ba00000, 0x000000070bb00000|  0%| F|  |TAMS 0x000000070ba00000, 0x000000070ba00000| Untracked 
| 147|0x000000070bb00000, 0x000000070bb00000, 0x000000070bc00000|  0%| F|  |TAMS 0x000000070bb00000, 0x000000070bb00000| Untracked 
| 148|0x000000070bc00000, 0x000000070bc00000, 0x000000070bd00000|  0%| F|  |TAMS 0x000000070bc00000, 0x000000070bc00000| Untracked 
| 149|0x000000070bd00000, 0x000000070bd00000, 0x000000070be00000|  0%| F|  |TAMS 0x000000070bd00000, 0x000000070bd00000| Untracked 
| 150|0x000000070be00000, 0x000000070be00000, 0x000000070bf00000|  0%| F|  |TAMS 0x000000070be00000, 0x000000070be00000| Untracked 
| 151|0x000000070bf00000, 0x000000070bf00000, 0x000000070c000000|  0%| F|  |TAMS 0x000000070bf00000, 0x000000070bf00000| Untracked 
| 152|0x000000070c000000, 0x000000070c000000, 0x000000070c100000|  0%| F|  |TAMS 0x000000070c000000, 0x000000070c000000| Untracked 
| 153|0x000000070c100000, 0x000000070c100000, 0x000000070c200000|  0%| F|  |TAMS 0x000000070c100000, 0x000000070c100000| Untracked 
| 154|0x000000070c200000, 0x000000070c200000, 0x000000070c300000|  0%| F|  |TAMS 0x000000070c200000, 0x000000070c200000| Untracked 
| 155|0x000000070c300000, 0x000000070c300000, 0x000000070c400000|  0%| F|  |TAMS 0x000000070c300000, 0x000000070c300000| Untracked 
| 156|0x000000070c400000, 0x000000070c400000, 0x000000070c500000|  0%| F|  |TAMS 0x000000070c400000, 0x000000070c400000| Untracked 
| 157|0x000000070c500000, 0x000000070c500000, 0x000000070c600000|  0%| F|  |TAMS 0x000000070c500000, 0x000000070c500000| Untracked 
| 158|0x000000070c600000, 0x000000070c600000, 0x000000070c700000|  0%| F|  |TAMS 0x000000070c600000, 0x000000070c600000| Untracked 
| 159|0x000000070c700000, 0x000000070c700000, 0x000000070c800000|  0%| F|  |TAMS 0x000000070c700000, 0x000000070c700000| Untracked 
| 160|0x000000070c800000, 0x000000070c800000, 0x000000070c900000|  0%| F|  |TAMS 0x000000070c800000, 0x000000070c800000| Untracked 
| 161|0x000000070c900000, 0x000000070c900000, 0x000000070ca00000|  0%| F|  |TAMS 0x000000070c900000, 0x000000070c900000| Untracked 
| 162|0x000000070ca00000, 0x000000070ca00000, 0x000000070cb00000|  0%| F|  |TAMS 0x000000070ca00000, 0x000000070ca00000| Untracked 
| 163|0x000000070cb00000, 0x000000070cb00000, 0x000000070cc00000|  0%| F|  |TAMS 0x000000070cb00000, 0x000000070cb00000| Untracked 
| 164|0x000000070cc00000, 0x000000070cc00000, 0x000000070cd00000|  0%| F|  |TAMS 0x000000070cc00000, 0x000000070cc00000| Untracked 
| 165|0x000000070cd00000, 0x000000070cd00000, 0x000000070ce00000|  0%| F|  |TAMS 0x000000070cd00000, 0x000000070cd00000| Untracked 
| 166|0x000000070ce00000, 0x000000070ce00000, 0x000000070cf00000|  0%| F|  |TAMS 0x000000070ce00000, 0x000000070ce00000| Untracked 
| 167|0x000000070cf00000, 0x000000070cf00000, 0x000000070d000000|  0%| F|  |TAMS 0x000000070cf00000, 0x000000070cf00000| Untracked 
| 168|0x000000070d000000, 0x000000070d000000, 0x000000070d100000|  0%| F|  |TAMS 0x000000070d000000, 0x000000070d000000| Untracked 
| 169|0x000000070d100000, 0x000000070d100000, 0x000000070d200000|  0%| F|  |TAMS 0x000000070d100000, 0x000000070d100000| Untracked 
| 170|0x000000070d200000, 0x000000070d200000, 0x000000070d300000|  0%| F|  |TAMS 0x000000070d200000, 0x000000070d200000| Untracked 
| 171|0x000000070d300000, 0x000000070d300000, 0x000000070d400000|  0%| F|  |TAMS 0x000000070d300000, 0x000000070d300000| Untracked 
| 172|0x000000070d400000, 0x000000070d400000, 0x000000070d500000|  0%| F|  |TAMS 0x000000070d400000, 0x000000070d400000| Untracked 
| 173|0x000000070d500000, 0x000000070d500000, 0x000000070d600000|  0%| F|  |TAMS 0x000000070d500000, 0x000000070d500000| Untracked 
| 174|0x000000070d600000, 0x000000070d600000, 0x000000070d700000|  0%| F|  |TAMS 0x000000070d600000, 0x000000070d600000| Untracked 
| 175|0x000000070d700000, 0x000000070d700000, 0x000000070d800000|  0%| F|  |TAMS 0x000000070d700000, 0x000000070d700000| Untracked 
| 176|0x000000070d800000, 0x000000070d800000, 0x000000070d900000|  0%| F|  |TAMS 0x000000070d800000, 0x000000070d800000| Untracked 
| 177|0x000000070d900000, 0x000000070d900000, 0x000000070da00000|  0%| F|  |TAMS 0x000000070d900000, 0x000000070d900000| Untracked 
| 178|0x000000070da00000, 0x000000070da00000, 0x000000070db00000|  0%| F|  |TAMS 0x000000070da00000, 0x000000070da00000| Untracked 
| 179|0x000000070db00000, 0x000000070db00000, 0x000000070dc00000|  0%| F|  |TAMS 0x000000070db00000, 0x000000070db00000| Untracked 
| 180|0x000000070dc00000, 0x000000070dc00000, 0x000000070dd00000|  0%| F|  |TAMS 0x000000070dc00000, 0x000000070dc00000| Untracked 
| 181|0x000000070dd00000, 0x000000070dd00000, 0x000000070de00000|  0%| F|  |TAMS 0x000000070dd00000, 0x000000070dd00000| Untracked 
| 182|0x000000070de00000, 0x000000070de00000, 0x000000070df00000|  0%| F|  |TAMS 0x000000070de00000, 0x000000070de00000| Untracked 
| 183|0x000000070df00000, 0x000000070df00000, 0x000000070e000000|  0%| F|  |TAMS 0x000000070df00000, 0x000000070df00000| Untracked 
| 184|0x000000070e000000, 0x000000070e000000, 0x000000070e100000|  0%| F|  |TAMS 0x000000070e000000, 0x000000070e000000| Untracked 
| 185|0x000000070e100000, 0x000000070e100000, 0x000000070e200000|  0%| F|  |TAMS 0x000000070e100000, 0x000000070e100000| Untracked 
| 186|0x000000070e200000, 0x000000070e200000, 0x000000070e300000|  0%| F|  |TAMS 0x000000070e200000, 0x000000070e200000| Untracked 
| 187|0x000000070e300000, 0x000000070e300000, 0x000000070e400000|  0%| F|  |TAMS 0x000000070e300000, 0x000000070e300000| Untracked 
| 188|0x000000070e400000, 0x000000070e400000, 0x000000070e500000|  0%| F|  |TAMS 0x000000070e400000, 0x000000070e400000| Untracked 
| 189|0x000000070e500000, 0x000000070e500000, 0x000000070e600000|  0%| F|  |TAMS 0x000000070e500000, 0x000000070e500000| Untracked 
| 190|0x000000070e600000, 0x000000070e600000, 0x000000070e700000|  0%| F|  |TAMS 0x000000070e600000, 0x000000070e600000| Untracked 
| 191|0x000000070e700000, 0x000000070e700000, 0x000000070e800000|  0%| F|  |TAMS 0x000000070e700000, 0x000000070e700000| Untracked 
| 192|0x000000070e800000, 0x000000070e800000, 0x000000070e900000|  0%| F|  |TAMS 0x000000070e800000, 0x000000070e800000| Untracked 
| 193|0x000000070e900000, 0x000000070e900000, 0x000000070ea00000|  0%| F|  |TAMS 0x000000070e900000, 0x000000070e900000| Untracked 
| 194|0x000000070ea00000, 0x000000070ea00000, 0x000000070eb00000|  0%| F|  |TAMS 0x000000070ea00000, 0x000000070ea00000| Untracked 
| 195|0x000000070eb00000, 0x000000070eb00000, 0x000000070ec00000|  0%| F|  |TAMS 0x000000070eb00000, 0x000000070eb00000| Untracked 
| 196|0x000000070ec00000, 0x000000070ec00000, 0x000000070ed00000|  0%| F|  |TAMS 0x000000070ec00000, 0x000000070ec00000| Untracked 
| 197|0x000000070ed00000, 0x000000070ed00000, 0x000000070ee00000|  0%| F|  |TAMS 0x000000070ed00000, 0x000000070ed00000| Untracked 
| 198|0x000000070ee00000, 0x000000070ee00000, 0x000000070ef00000|  0%| F|  |TAMS 0x000000070ee00000, 0x000000070ee00000| Untracked 
| 199|0x000000070ef00000, 0x000000070ef00000, 0x000000070f000000|  0%| F|  |TAMS 0x000000070ef00000, 0x000000070ef00000| Untracked 
| 200|0x000000070f000000, 0x000000070f000000, 0x000000070f100000|  0%| F|  |TAMS 0x000000070f000000, 0x000000070f000000| Untracked 
| 201|0x000000070f100000, 0x000000070f100000, 0x000000070f200000|  0%| F|  |TAMS 0x000000070f100000, 0x000000070f100000| Untracked 
| 202|0x000000070f200000, 0x000000070f200000, 0x000000070f300000|  0%| F|  |TAMS 0x000000070f200000, 0x000000070f200000| Untracked 
| 203|0x000000070f300000, 0x000000070f300000, 0x000000070f400000|  0%| F|  |TAMS 0x000000070f300000, 0x000000070f300000| Untracked 
| 204|0x000000070f400000, 0x000000070f400000, 0x000000070f500000|  0%| F|  |TAMS 0x000000070f400000, 0x000000070f400000| Untracked 
| 205|0x000000070f500000, 0x000000070f500000, 0x000000070f600000|  0%| F|  |TAMS 0x000000070f500000, 0x000000070f500000| Untracked 
| 206|0x000000070f600000, 0x000000070f600000, 0x000000070f700000|  0%| F|  |TAMS 0x000000070f600000, 0x000000070f600000| Untracked 
| 207|0x000000070f700000, 0x000000070f700000, 0x000000070f800000|  0%| F|  |TAMS 0x000000070f700000, 0x000000070f700000| Untracked 
| 208|0x000000070f800000, 0x000000070f800000, 0x000000070f900000|  0%| F|  |TAMS 0x000000070f800000, 0x000000070f800000| Untracked 
| 209|0x000000070f900000, 0x000000070f900000, 0x000000070fa00000|  0%| F|  |TAMS 0x000000070f900000, 0x000000070f900000| Untracked 
| 210|0x000000070fa00000, 0x000000070fa00000, 0x000000070fb00000|  0%| F|  |TAMS 0x000000070fa00000, 0x000000070fa00000| Untracked 
| 211|0x000000070fb00000, 0x000000070fb00000, 0x000000070fc00000|  0%| F|  |TAMS 0x000000070fb00000, 0x000000070fb00000| Untracked 
| 212|0x000000070fc00000, 0x000000070fc00000, 0x000000070fd00000|  0%| F|  |TAMS 0x000000070fc00000, 0x000000070fc00000| Untracked 
| 213|0x000000070fd00000, 0x000000070fd00000, 0x000000070fe00000|  0%| F|  |TAMS 0x000000070fd00000, 0x000000070fd00000| Untracked 
| 214|0x000000070fe00000, 0x000000070fe00000, 0x000000070ff00000|  0%| F|  |TAMS 0x000000070fe00000, 0x000000070fe00000| Untracked 
| 215|0x000000070ff00000, 0x000000070ff00000, 0x0000000710000000|  0%| F|  |TAMS 0x000000070ff00000, 0x000000070ff00000| Untracked 
| 216|0x0000000710000000, 0x0000000710000000, 0x0000000710100000|  0%| F|  |TAMS 0x0000000710000000, 0x0000000710000000| Untracked 
| 217|0x0000000710100000, 0x0000000710100000, 0x0000000710200000|  0%| F|  |TAMS 0x0000000710100000, 0x0000000710100000| Untracked 
| 218|0x0000000710200000, 0x0000000710200000, 0x0000000710300000|  0%| F|  |TAMS 0x0000000710200000, 0x0000000710200000| Untracked 
| 219|0x0000000710300000, 0x0000000710300000, 0x0000000710400000|  0%| F|  |TAMS 0x0000000710300000, 0x0000000710300000| Untracked 
| 220|0x0000000710400000, 0x0000000710400000, 0x0000000710500000|  0%| F|  |TAMS 0x0000000710400000, 0x0000000710400000| Untracked 
| 221|0x0000000710500000, 0x0000000710500000, 0x0000000710600000|  0%| F|  |TAMS 0x0000000710500000, 0x0000000710500000| Untracked 
| 222|0x0000000710600000, 0x0000000710600000, 0x0000000710700000|  0%| F|  |TAMS 0x0000000710600000, 0x0000000710600000| Untracked 
| 223|0x0000000710700000, 0x0000000710700000, 0x0000000710800000|  0%| F|  |TAMS 0x0000000710700000, 0x0000000710700000| Untracked 
| 224|0x0000000710800000, 0x0000000710800000, 0x0000000710900000|  0%| F|  |TAMS 0x0000000710800000, 0x0000000710800000| Untracked 
| 225|0x0000000710900000, 0x0000000710900000, 0x0000000710a00000|  0%| F|  |TAMS 0x0000000710900000, 0x0000000710900000| Untracked 
| 226|0x0000000710a00000, 0x0000000710a00000, 0x0000000710b00000|  0%| F|  |TAMS 0x0000000710a00000, 0x0000000710a00000| Untracked 
| 227|0x0000000710b00000, 0x0000000710b00000, 0x0000000710c00000|  0%| F|  |TAMS 0x0000000710b00000, 0x0000000710b00000| Untracked 
| 228|0x0000000710c00000, 0x0000000710c00000, 0x0000000710d00000|  0%| F|  |TAMS 0x0000000710c00000, 0x0000000710c00000| Untracked 
| 229|0x0000000710d00000, 0x0000000710d00000, 0x0000000710e00000|  0%| F|  |TAMS 0x0000000710d00000, 0x0000000710d00000| Untracked 
| 230|0x0000000710e00000, 0x0000000710e00000, 0x0000000710f00000|  0%| F|  |TAMS 0x0000000710e00000, 0x0000000710e00000| Untracked 
| 231|0x0000000710f00000, 0x0000000710f00000, 0x0000000711000000|  0%| F|  |TAMS 0x0000000710f00000, 0x0000000710f00000| Untracked 
| 232|0x0000000711000000, 0x0000000711000000, 0x0000000711100000|  0%| F|  |TAMS 0x0000000711000000, 0x0000000711000000| Untracked 
| 233|0x0000000711100000, 0x0000000711100000, 0x0000000711200000|  0%| F|  |TAMS 0x0000000711100000, 0x0000000711100000| Untracked 
| 234|0x0000000711200000, 0x0000000711200000, 0x0000000711300000|  0%| F|  |TAMS 0x0000000711200000, 0x0000000711200000| Untracked 
| 235|0x0000000711300000, 0x0000000711300000, 0x0000000711400000|  0%| F|  |TAMS 0x0000000711300000, 0x0000000711300000| Untracked 
| 236|0x0000000711400000, 0x0000000711400000, 0x0000000711500000|  0%| F|  |TAMS 0x0000000711400000, 0x0000000711400000| Untracked 
| 237|0x0000000711500000, 0x0000000711500000, 0x0000000711600000|  0%| F|  |TAMS 0x0000000711500000, 0x0000000711500000| Untracked 
| 238|0x0000000711600000, 0x0000000711600000, 0x0000000711700000|  0%| F|  |TAMS 0x0000000711600000, 0x0000000711600000| Untracked 
| 239|0x0000000711700000, 0x0000000711700000, 0x0000000711800000|  0%| F|  |TAMS 0x0000000711700000, 0x0000000711700000| Untracked 
| 240|0x0000000711800000, 0x0000000711800000, 0x0000000711900000|  0%| F|  |TAMS 0x0000000711800000, 0x0000000711800000| Untracked 
| 241|0x0000000711900000, 0x0000000711900000, 0x0000000711a00000|  0%| F|  |TAMS 0x0000000711900000, 0x0000000711900000| Untracked 
| 242|0x0000000711a00000, 0x0000000711a00000, 0x0000000711b00000|  0%| F|  |TAMS 0x0000000711a00000, 0x0000000711a00000| Untracked 
| 243|0x0000000711b00000, 0x0000000711b00000, 0x0000000711c00000|  0%| F|  |TAMS 0x0000000711b00000, 0x0000000711b00000| Untracked 
| 244|0x0000000711c00000, 0x0000000711c00000, 0x0000000711d00000|  0%| F|  |TAMS 0x0000000711c00000, 0x0000000711c00000| Untracked 
| 245|0x0000000711d00000, 0x0000000711d00000, 0x0000000711e00000|  0%| F|  |TAMS 0x0000000711d00000, 0x0000000711d00000| Untracked 
| 246|0x0000000711e00000, 0x0000000711e00000, 0x0000000711f00000|  0%| F|  |TAMS 0x0000000711e00000, 0x0000000711e00000| Untracked 
| 247|0x0000000711f00000, 0x0000000711f00000, 0x0000000712000000|  0%| F|  |TAMS 0x0000000711f00000, 0x0000000711f00000| Untracked 
| 248|0x0000000712000000, 0x0000000712000000, 0x0000000712100000|  0%| F|  |TAMS 0x0000000712000000, 0x0000000712000000| Untracked 
| 249|0x0000000712100000, 0x0000000712100000, 0x0000000712200000|  0%| F|  |TAMS 0x0000000712100000, 0x0000000712100000| Untracked 
| 250|0x0000000712200000, 0x0000000712200000, 0x0000000712300000|  0%| F|  |TAMS 0x0000000712200000, 0x0000000712200000| Untracked 
| 251|0x0000000712300000, 0x0000000712300000, 0x0000000712400000|  0%| F|  |TAMS 0x0000000712300000, 0x0000000712300000| Untracked 
| 252|0x0000000712400000, 0x0000000712400000, 0x0000000712500000|  0%| F|  |TAMS 0x0000000712400000, 0x0000000712400000| Untracked 
| 253|0x0000000712500000, 0x0000000712500000, 0x0000000712600000|  0%| F|  |TAMS 0x0000000712500000, 0x0000000712500000| Untracked 

Card table byte_map: [0x00000146c7b80000,0x00000146c8370000] _byte_map_base: 0x00000146c436c000

Marking Bits (Prev, Next): (CMBitMap*) 0x00000146af72f1a8, (CMBitMap*) 0x00000146af72f1e0
 Prev Bits: [0x00000146c8b60000, 0x00000146ccac0000)
 Next Bits: [0x00000146ccac0000, 0x00000146d0a20000)

Polling page: 0x00000146ad4e0000

Metaspace:

Usage:
  Non-class:     12.60 MB capacity,    12.43 MB ( 99%) used,   158.98 KB (  1%) free+waste,    20.69 KB ( <1%) overhead. 
      Class:      1.15 MB capacity,     1.08 MB ( 94%) used,    58.66 KB (  5%) free+waste,     8.13 KB ( <1%) overhead. 
       Both:     13.75 MB capacity,    13.51 MB ( 98%) used,   217.64 KB (  2%) free+waste,    28.81 KB ( <1%) overhead. 

Virtual space:
  Non-class space:       14.00 MB reserved,      12.75 MB ( 91%) committed 
      Class space:        1.00 GB reserved,       1.25 MB ( <1%) committed 
             Both:        1.01 GB reserved,      14.00 MB (  1%) committed 

Chunk freelists:
   Non-Class:  24.00 KB
       Class:  9.00 KB
        Both:  33.00 KB

MaxMetaspaceSize: 17179869184.00 GB
CompressedClassSpaceSize: 1.00 GB
Initial GC threshold: 20.80 MB
Current GC threshold: 20.80 MB
CDS: off

CodeHeap 'non-profiled nmethods': size=120000Kb used=1146Kb max_used=1146Kb free=118854Kb
 bounds [0x00000146bf900000, 0x00000146bfb70000, 0x00000146c6e30000]
CodeHeap 'profiled nmethods': size=120000Kb used=5843Kb max_used=5843Kb free=114156Kb
 bounds [0x00000146b83d0000, 0x00000146b8990000, 0x00000146bf900000]
CodeHeap 'non-nmethods': size=5760Kb used=1155Kb max_used=1197Kb free=4604Kb
 bounds [0x00000146b7e30000, 0x00000146b80a0000, 0x00000146b83d0000]
 total_blobs=2818 nmethods=2416 adapters=315
 compilation: enabled
              stopped_count=0, restarted_count=0
 full_count=0

Compilation events (20 events):
Event: 1.386 Thread 0x00000146d4084800 2477       2       java.util.HashMap::containsKey (18 bytes)
Event: 1.386 Thread 0x00000146d4084800 nmethod 2477 0x00000146b8977990 code [0x00000146b8977b60, 0x00000146b8977cf8]
Event: 1.391 Thread 0x00000146d4084800 2479       3       com.android.tools.build.jetifier.core.type.TypesMap::<init> (151 bytes)
Event: 1.392 Thread 0x00000146d4084800 nmethod 2479 0x00000146b8977e10 code [0x00000146b8978140, 0x00000146b8979528]
Event: 1.398 Thread 0x00000146d4084800 2481       2       java.util.regex.Pattern$Branch::study (162 bytes)
Event: 1.398 Thread 0x00000146d4084800 nmethod 2481 0x00000146b8979a90 code [0x00000146b8979c60, 0x00000146b8979f98]
Event: 1.400 Thread 0x00000146d4084800 2483       1       com.android.tools.build.jetifier.processor.archive.Archive::getRelativePath (5 bytes)
Event: 1.400 Thread 0x00000146d4084800 nmethod 2483 0x00000146bfa1bb90 code [0x00000146bfa1bd40, 0x00000146bfa1bdf8]
Event: 1.401 Thread 0x00000146d4084800 2484       2       org.objectweb.asm.ClassWriter::newFloat (70 bytes)
Event: 1.401 Thread 0x00000146d4084800 nmethod 2484 0x00000146b897a190 code [0x00000146b897a380, 0x00000146b897a648]
Event: 1.406 Thread 0x00000146d4319000 nmethod 2272 0x00000146bfa1be90 code [0x00000146bfa1c120, 0x00000146bfa1d878]
Event: 1.406 Thread 0x00000146d4319000 2469       4       org.objectweb.asm.commons.Remapper::mapMethodDesc (108 bytes)
Event: 1.410 Thread 0x00000146d4084800 2485       2       java.lang.Long::valueOf (40 bytes)
Event: 1.410 Thread 0x00000146d4084800 nmethod 2485 0x00000146b897a810 code [0x00000146b897a9c0, 0x00000146b897ab78]
Event: 1.412 Thread 0x00000146d4084800 2486       2       sun.nio.fs.WindowsPath::elementAsString (62 bytes)
Event: 1.412 Thread 0x00000146d4084800 nmethod 2486 0x00000146b897ac90 code [0x00000146b897ae80, 0x00000146b897b0e8]
Event: 1.415 Thread 0x00000146d4084800 2487       3       com.google.gson.internal.bind.MapTypeAdapterFactory$Adapter::read (224 bytes)
Event: 1.416 Thread 0x00000146d4084800 nmethod 2487 0x00000146b897b390 code [0x00000146b897b860, 0x00000146b897ded8]
Event: 1.424 Thread 0x00000146d4084800 2489 %     3       org.objectweb.asm.ClassWriter::toByteArray @ 38 (1456 bytes)
Event: 1.428 Thread 0x00000146d4084800 nmethod 2489% 0x00000146b897e990 code [0x00000146b897f260, 0x00000146b8983568]

GC Heap History (9 events):
Event: 0.466 GC heap before
{Heap before GC invocations=0 (full 0):
 garbage-first heap   total 260096K, used 24576K [0x0000000702800000, 0x0000000800000000)
  region size 1024K, 24 young (24576K), 0 survivors (0K)
 Metaspace       used 12277K, capacity 12563K, committed 12672K, reserved 1060864K
  class space    used 1062K, capacity 1142K, committed 1152K, reserved 1048576K
}
Event: 0.471 GC heap after
{Heap after GC invocations=1 (full 0):
 garbage-first heap   total 260096K, used 3841K [0x0000000702800000, 0x0000000800000000)
  region size 1024K, 3 young (3072K), 3 survivors (3072K)
 Metaspace       used 12277K, capacity 12563K, committed 12672K, reserved 1060864K
  class space    used 1062K, capacity 1142K, committed 1152K, reserved 1048576K
}
Event: 0.915 GC heap before
{Heap before GC invocations=1 (full 0):
 garbage-first heap   total 260096K, used 171777K [0x0000000702800000, 0x0000000800000000)
  region size 1024K, 152 young (155648K), 3 survivors (3072K)
 Metaspace       used 12958K, capacity 13147K, committed 13184K, reserved 1060864K
  class space    used 1067K, capacity 1142K, committed 1152K, reserved 1048576K
}
Event: 0.920 GC heap after
{Heap after GC invocations=2 (full 0):
 garbage-first heap   total 260096K, used 18171K [0x0000000702800000, 0x0000000800000000)
  region size 1024K, 17 young (17408K), 17 survivors (17408K)
 Metaspace       used 12958K, capacity 13147K, committed 13184K, reserved 1060864K
  class space    used 1067K, capacity 1142K, committed 1152K, reserved 1048576K
}
Event: 1.156 GC heap before
{Heap before GC invocations=2 (full 0):
 garbage-first heap   total 260096K, used 150267K [0x0000000702800000, 0x0000000800000000)
  region size 1024K, 139 young (142336K), 17 survivors (17408K)
 Metaspace       used 13650K, capacity 13886K, committed 14080K, reserved 1062912K
  class space    used 1107K, capacity 1175K, committed 1280K, reserved 1048576K
}
Event: 1.163 GC heap after
{Heap after GC invocations=3 (full 0):
 garbage-first heap   total 260096K, used 19975K [0x0000000702800000, 0x0000000800000000)
  region size 1024K, 11 young (11264K), 11 survivors (11264K)
 Metaspace       used 13650K, capacity 13886K, committed 14080K, reserved 1062912K
  class space    used 1107K, capacity 1175K, committed 1280K, reserved 1048576K
}
Event: 1.342 GC heap before
{Heap before GC invocations=3 (full 0):
 garbage-first heap   total 260096K, used 172551K [0x0000000702800000, 0x0000000800000000)
  region size 1024K, 151 young (154624K), 11 survivors (11264K)
 Metaspace       used 13812K, capacity 14079K, committed 14336K, reserved 1062912K
  class space    used 1108K, capacity 1175K, committed 1280K, reserved 1048576K
}
Event: 1.345 GC heap after
{Heap after GC invocations=4 (full 0):
 garbage-first heap   total 260096K, used 24513K [0x0000000702800000, 0x0000000800000000)
  region size 1024K, 13 young (13312K), 13 survivors (13312K)
 Metaspace       used 13812K, capacity 14079K, committed 14336K, reserved 1062912K
  class space    used 1108K, capacity 1175K, committed 1280K, reserved 1048576K
}
Event: 1.441 GC heap before
{Heap before GC invocations=4 (full 0):
 garbage-first heap   total 260096K, used 174017K [0x0000000702800000, 0x0000000800000000)
  region size 1024K, 152 young (155648K), 13 survivors (13312K)
 Metaspace       used 13832K, capacity 14079K, committed 14336K, reserved 1062912K
  class space    used 1108K, capacity 1175K, committed 1280K, reserved 1048576K
}

Deoptimization events (20 events):
Event: 1.370 Thread 0x00000146d4a53000 Uncommon trap: trap_request=0xffffff4d fr.pc=0x00000146bf998d2c relative=0x000000000000056c
Event: 1.370 Thread 0x00000146d4a53000 Uncommon trap: reason=unstable_if action=reinterpret pc=0x00000146bf998d2c method=java.lang.String.replace(CC)Ljava/lang/String; @ 9 c2
Event: 1.370 Thread 0x00000146d4a53000 DEOPT PACKING pc=0x00000146bf998d2c sp=0x00000039264fdd20
Event: 1.370 Thread 0x00000146d4a53000 DEOPT UNPACKING pc=0x00000146b7e385af sp=0x00000039264fdce8 mode 2
Event: 1.373 Thread 0x00000146d4a53000 DEOPT PACKING pc=0x00000146b894a2a7 sp=0x00000039264fdb20
Event: 1.373 Thread 0x00000146d4a53000 DEOPT UNPACKING pc=0x00000146b7e79d0e sp=0x00000039264fcf58 mode 0
Event: 1.378 Thread 0x00000146d4992000 DEOPT PACKING pc=0x00000146b8755df8 sp=0x0000003925cfe7a0
Event: 1.378 Thread 0x00000146d4992000 DEOPT UNPACKING pc=0x00000146b7e79d0e sp=0x0000003925cfdca8 mode 0
Event: 1.378 Thread 0x00000146d497d800 DEOPT PACKING pc=0x00000146b875a0e4 sp=0x00000039263fe820
Event: 1.378 Thread 0x00000146d497d800 DEOPT UNPACKING pc=0x00000146b7e79d0e sp=0x00000039263fddc0 mode 0
Event: 1.399 Thread 0x00000146d4a53000 DEOPT PACKING pc=0x00000146b8755df8 sp=0x00000039264fe420
Event: 1.399 Thread 0x00000146d4a53000 DEOPT UNPACKING pc=0x00000146b7e79d0e sp=0x00000039264fd928 mode 0
Event: 1.415 Thread 0x00000146d49da000 DEOPT PACKING pc=0x00000146b8925e21 sp=0x0000003925ffe810
Event: 1.415 Thread 0x00000146d49da000 DEOPT UNPACKING pc=0x00000146b7e79d0e sp=0x0000003925ffdd70 mode 0
Event: 1.416 Thread 0x00000146d4a6d800 DEOPT PACKING pc=0x00000146b875a0e4 sp=0x0000003925bfe3e0
Event: 1.416 Thread 0x00000146d4a6d800 DEOPT UNPACKING pc=0x00000146b7e79d0e sp=0x0000003925bfd980 mode 0
Event: 1.421 Thread 0x00000146d4a53000 DEOPT PACKING pc=0x00000146b8755df8 sp=0x00000039264fe420
Event: 1.421 Thread 0x00000146d4a53000 DEOPT UNPACKING pc=0x00000146b7e79d0e sp=0x00000039264fd928 mode 0
Event: 1.429 Thread 0x00000146d4992000 DEOPT PACKING pc=0x00000146b875a0e4 sp=0x0000003925cfe740
Event: 1.429 Thread 0x00000146d4992000 DEOPT UNPACKING pc=0x00000146b7e79d0e sp=0x0000003925cfdce0 mode 0

Classes redefined (0 events):
No events

Internal exceptions (10 events):
Event: 0.117 Thread 0x00000146af6ca800 Exception <a 'java/lang/NoSuchMethodError'{0x00000007124e9c60}: 'int java.lang.invoke.DirectMethodHandle$Holder.invokeSpecialIFC(java.lang.Object, java.lang.Object, int)'> (0x00000007124e9c60) thrown at [./src/hotspot/share/interpreter/linkResolver.cpp, line 773]
Event: 0.410 Thread 0x00000146d4a50800 Exception <a 'java/lang/NoSuchMethodError'{0x000000071116ee70}: 'java.lang.Object java.lang.invoke.DirectMethodHandle$Holder.invokeStatic(java.lang.Object, java.lang.Object, java.lang.Object, java.lang.Object, java.lang.Object, java.lang.Object, java.lang.Object, java.lang.Object, java.lang.Object, java.lang.Object, java.lang.Object, java.lang.Object, java.lang.Object, java.lang.Object, java.lang.Object)'> (0x000000071116ee70) thrown at [./src/hotspot/share/interpreter/linkResolver.cpp, line 773]
Event: 0.411 Thread 0x00000146d4a50800 Exception <a 'java/lang/NoSuchMethodError'{0x000000071117d120}: 'java.lang.Object java.lang.invoke.DirectMethodHandle$Holder.invokeStatic(java.lang.Object, java.lang.Object, java.lang.Object, java.lang.Object, java.lang.Object, java.lang.Object, java.lang.Object, java.lang.Object, java.lang.Object, java.lang.Object, java.lang.Object, java.lang.Object, java.lang.Object, java.lang.Object, java.lang.Object, java.lang.Object)'> (0x000000071117d120) thrown at [./src/hotspot/share/interpreter/linkResolver.cpp, l
Event: 0.412 Thread 0x00000146d4a50800 Exception <a 'java/lang/NoSuchMethodError'{0x000000071118c2d0}: 'java.lang.Object java.lang.invoke.DirectMethodHandle$Holder.invokeSpecial(java.lang.Object, java.lang.Object, int, int, java.lang.Object, java.lang.Object, java.lang.Object)'> (0x000000071118c2d0) thrown at [./src/hotspot/share/interpreter/linkResolver.cpp, line 773]
Event: 0.412 Thread 0x00000146d4a50800 Exception <a 'java/lang/NoSuchMethodError'{0x000000071118f860}: 'java.lang.Object java.lang.invoke.DelegatingMethodHandle$Holder.reinvoke_L(java.lang.Object, int, int, java.lang.Object, java.lang.Object, java.lang.Object)'> (0x000000071118f860) thrown at [./src/hotspot/share/interpreter/linkResolver.cpp, line 773]
Event: 0.413 Thread 0x00000146d4a50800 Exception <a 'java/lang/NoSuchMethodError'{0x0000000711193ce0}: 'java.lang.Object java.lang.invoke.DirectMethodHandle$Holder.invokeStatic(java.lang.Object, java.lang.Object, java.lang.Object, java.lang.Object, int)'> (0x0000000711193ce0) thrown at [./src/hotspot/share/interpreter/linkResolver.cpp, line 773]
Event: 0.868 Thread 0x00000146d49da000 Implicit null exception at 0x00000146bf93391d to 0x00000146bf93494c
Event: 0.868 Thread 0x00000146d4a51800 Implicit null exception at 0x00000146bf93391d to 0x00000146bf93494c
Event: 0.868 Thread 0x00000146d4a29800 Implicit null exception at 0x00000146bf93391d to 0x00000146bf93494c
Event: 0.868 Thread 0x00000146d497d000 Implicit null exception at 0x00000146bf93391d to 0x00000146bf93494c

Events (20 events):
Event: 1.345 Executing VM operation: RevokeBias done
Event: 1.345 Executing VM operation: RevokeBias
Event: 1.346 Executing VM operation: RevokeBias done
Event: 1.346 Executing VM operation: RevokeBias
Event: 1.346 Executing VM operation: RevokeBias done
Event: 1.346 Executing VM operation: RevokeBias
Event: 1.346 Executing VM operation: RevokeBias done
Event: 1.346 Executing VM operation: RevokeBias
Event: 1.346 Executing VM operation: RevokeBias done
Event: 1.346 Executing VM operation: RevokeBias
Event: 1.346 Executing VM operation: RevokeBias done
Event: 1.346 Executing VM operation: RevokeBias
Event: 1.346 Executing VM operation: RevokeBias done
Event: 1.346 Executing VM operation: RevokeBias
Event: 1.346 Executing VM operation: RevokeBias done
Event: 1.346 Executing VM operation: RevokeBias
Event: 1.346 Executing VM operation: RevokeBias done
Event: 1.358 Executing VM operation: RevokeBias
Event: 1.358 Executing VM operation: RevokeBias done
Event: 1.439 Executing VM operation: G1CollectForAllocation


Dynamic libraries:
0x00007ff601ce0000 - 0x00007ff601ced000 	C:\Program Files\Microsoft\jdk-11.0.16.101-hotspot\bin\java.exe
0x00007fffb96d0000 - 0x00007fffb98c8000 	C:\Windows\SYSTEM32\ntdll.dll
0x00007fffb8080000 - 0x00007fffb813d000 	C:\Windows\System32\KERNEL32.DLL
0x00007fffb71b0000 - 0x00007fffb74a6000 	C:\Windows\System32\KERNELBASE.dll
0x00007fffb7590000 - 0x00007fffb7690000 	C:\Windows\System32\ucrtbase.dll
0x00007fffb2910000 - 0x00007fffb2927000 	C:\Program Files\Microsoft\jdk-11.0.16.101-hotspot\bin\jli.dll
0x00007fffab3b0000 - 0x00007fffab3c5000 	C:\Program Files\Microsoft\jdk-11.0.16.101-hotspot\bin\VCRUNTIME140.dll
0x00007fffb9490000 - 0x00007fffb962e000 	C:\Windows\System32\USER32.dll
0x00007fffb7690000 - 0x00007fffb76b2000 	C:\Windows\System32\win32u.dll
0x00007fffac1e0000 - 0x00007fffac47a000 	C:\Windows\WinSxS\amd64_microsoft.windows.common-controls_6595b64144ccf1df_6.0.19041.1110_none_60b5254171f9507e\COMCTL32.dll
0x00007fffb7a20000 - 0x00007fffb7a4c000 	C:\Windows\System32\GDI32.dll
0x00007fffb7d50000 - 0x00007fffb7dee000 	C:\Windows\System32\msvcrt.dll
0x00007fffb6ee0000 - 0x00007fffb6ffa000 	C:\Windows\System32\gdi32full.dll
0x00007fffb6db0000 - 0x00007fffb6e4d000 	C:\Windows\System32\msvcp_win.dll
0x00007fffb7ab0000 - 0x00007fffb7ae0000 	C:\Windows\System32\IMM32.DLL
0x00007fff7d3a0000 - 0x00007fff7d43b000 	C:\Program Files\Microsoft\jdk-11.0.16.101-hotspot\bin\msvcp140.dll
0x00007fff54ec0000 - 0x00007fff55a4a000 	C:\Program Files\Microsoft\jdk-11.0.16.101-hotspot\bin\server\jvm.dll
0x00007fffb7fd0000 - 0x00007fffb807e000 	C:\Windows\System32\ADVAPI32.dll
0x00007fffb7ca0000 - 0x00007fffb7d3c000 	C:\Windows\System32\sechost.dll
0x00007fffb8f90000 - 0x00007fffb90b6000 	C:\Windows\System32\RPCRT4.dll
0x00007fffb7a10000 - 0x00007fffb7a18000 	C:\Windows\System32\PSAPI.DLL
0x00007fffb04e0000 - 0x00007fffb0507000 	C:\Windows\SYSTEM32\WINMM.dll
0x00007fff940c0000 - 0x00007fff940c9000 	C:\Windows\SYSTEM32\WSOCK32.dll
0x00007fffb0fc0000 - 0x00007fffb0fca000 	C:\Windows\SYSTEM32\VERSION.dll
0x00007fffb90c0000 - 0x00007fffb912b000 	C:\Windows\System32\WS2_32.dll
0x00007fffb4c20000 - 0x00007fffb4c32000 	C:\Windows\SYSTEM32\kernel.appcore.dll
0x00007fffaaae0000 - 0x00007fffaaaf0000 	C:\Program Files\Microsoft\jdk-11.0.16.101-hotspot\bin\verify.dll
0x00007fffa2fe0000 - 0x00007fffa31c4000 	C:\Windows\SYSTEM32\DBGHELP.DLL
0x00007fff919b0000 - 0x00007fff919e4000 	C:\Windows\SYSTEM32\dbgcore.DLL
0x00007fffb6e50000 - 0x00007fffb6ed2000 	C:\Windows\System32\bcryptPrimitives.dll
0x00007fff97750000 - 0x00007fff97778000 	C:\Program Files\Microsoft\jdk-11.0.16.101-hotspot\bin\java.dll
0x00007fffa8c90000 - 0x00007fffa8c9a000 	C:\Program Files\Microsoft\jdk-11.0.16.101-hotspot\bin\jimage.dll
0x00007fff9d080000 - 0x00007fff9d098000 	C:\Program Files\Microsoft\jdk-11.0.16.101-hotspot\bin\zip.dll
0x00007fffb8140000 - 0x00007fffb8885000 	C:\Windows\System32\SHELL32.dll
0x00007fffb4e20000 - 0x00007fffb55bb000 	C:\Windows\SYSTEM32\windows.storage.dll
0x00007fffb9130000 - 0x00007fffb9484000 	C:\Windows\System32\combase.dll
0x00007fffb6710000 - 0x00007fffb673e000 	C:\Windows\SYSTEM32\Wldp.dll
0x00007fffb8ee0000 - 0x00007fffb8f8d000 	C:\Windows\System32\SHCORE.dll
0x00007fffb8db0000 - 0x00007fffb8e05000 	C:\Windows\System32\shlwapi.dll
0x00007fffb6ce0000 - 0x00007fffb6d05000 	C:\Windows\SYSTEM32\profapi.dll
0x00007fff9c170000 - 0x00007fff9c189000 	C:\Program Files\Microsoft\jdk-11.0.16.101-hotspot\bin\net.dll
0x00007fffb0aa0000 - 0x00007fffb0baa000 	C:\Windows\SYSTEM32\WINHTTP.dll
0x00007fffb64f0000 - 0x00007fffb655a000 	C:\Windows\system32\mswsock.dll
0x00007fff8e1e0000 - 0x00007fff8e1f3000 	C:\Program Files\Microsoft\jdk-11.0.16.101-hotspot\bin\nio.dll

dbghelp: loaded successfully - version: 4.0.5 - missing functions: none
symbol engine: initialized successfully - sym options: 0x614 - pdb path: .;C:\Program Files\Microsoft\jdk-11.0.16.101-hotspot\bin;C:\Windows\SYSTEM32;C:\Windows\WinSxS\amd64_microsoft.windows.common-controls_6595b64144ccf1df_6.0.19041.1110_none_60b5254171f9507e;C:\Program Files\Microsoft\jdk-11.0.16.101-hotspot\bin\server

VM Arguments:
java_command: com.xamarin.androidx.jetifierWrapper.Main -intermediate obj\Debug\120\androidx\_AndroidXJetifyEmbeddedFiles.jetify -parallel
java_class_path (initial): C:\Users\Rask\.nuget\packages\xamarin.androidx.migration\1.0.8\buildTransitive\monoandroid90\Tools/JetifierWrapper/jetifierWrapper-1.0.jar
Launcher Type: SUN_STANDARD

[Global flags]
     intx CICompilerCount                          = 4                                         {product} {ergonomic}
     uint ConcGCThreads                            = 3                                         {product} {ergonomic}
     uint G1ConcRefinementThreads                  = 10                                        {product} {ergonomic}
   size_t G1HeapRegionSize                         = 1048576                                   {product} {ergonomic}
    uintx GCDrainStackTargetSize                   = 64                                        {product} {ergonomic}
   size_t InitialHeapSize                          = 266338304                                 {product} {ergonomic}
   size_t MarkStackSize                            = 4194304                                   {product} {ergonomic}
   size_t MaxHeapSize                              = 4253024256                                {product} {ergonomic}
   size_t MaxNewSize                               = 2551185408                                {product} {ergonomic}
   size_t MinHeapDeltaBytes                        = 1048576                                   {product} {ergonomic}
    uintx NonNMethodCodeHeapSize                   = 5836300                                {pd product} {ergonomic}
    uintx NonProfiledCodeHeapSize                  = 122910970                              {pd product} {ergonomic}
    uintx ProfiledCodeHeapSize                     = 122910970                              {pd product} {ergonomic}
    uintx ReservedCodeCacheSize                    = 251658240                              {pd product} {ergonomic}
     bool SegmentedCodeCache                       = true                                      {product} {ergonomic}
     bool UseCompressedClassPointers               = true                                 {lp64_product} {ergonomic}
     bool UseCompressedOops                        = true                                 {lp64_product} {ergonomic}
     bool UseG1GC                                  = true                                      {product} {ergonomic}
     bool UseLargePagesIndividualAllocation        = false                                  {pd product} {ergonomic}

Logging:
Log output configuration:
 #0: stdout all=warning uptime,level,tags
 #1: stderr all=off uptime,level,tags

Environment Variables:
PATH=C:\Program Files\Microsoft\jdk-11.0.16.101-hotspot\bin;C:\Program Files\Java\jre1.8.0_341\bin;C:\Program Files (x86)\Common Files\Oracle\Java\javapath;C:\Windows\system32;C:\Windows;C:\Windows\System32\Wbem;C:\Windows\System32\WindowsPowerShell\v1.0\;C:\Windows\System32\OpenSSH\;C:\Program Files\NVIDIA Corporation\NVIDIA NvDLISR;C:\Program Files (x86)\NVIDIA Corporation\PhysX\Common;D:\Rask\OneDrive - integrate transparent metrics\Documentos\sonar-scanner-4.7.0.2747-windows\bin;C:\Program Files\Git\cmd;C:\Program Files\dotnet\;C:\Program Files\nodejs\;C:\Program Files\GTK3-Runtime Win64\bin;C:\Users\Rask\AppData\Local\Programs\Python\Python310\Scripts\;C:\Users\Rask\AppData\Local\Programs\Python\Python310\;C:\Users\Rask\AppData\Local\Microsoft\WindowsApps;C:\Users\Rask\AppData\Local\Programs\Microsoft VS Code\bin;C:\Users\Rask\AppData\Roaming\npm;C:\Users\Rask\.dotnet\tools
USERNAME=Rask
OS=Windows_NT
PROCESSOR_IDENTIFIER=Intel64 Family 6 Model 167 Stepping 1, GenuineIntel
TMP=C:\Users\Rask\AppData\Local\Temp
TEMP=C:\Users\Rask\AppData\Local\Temp



---------------  S Y S T E M  ---------------

OS: Windows 10 , 64 bit Build 19041 (10.0.19041.3393)
OS uptime: 4 days 4:56 hours
Hyper-V role detected

CPU:total 12 (initial active 12) (6 cores per cpu, 2 threads per core) family 6 model 167 stepping 1 microcode 0x50, cmov, cx8, fxsr, mmx, sse, sse2, sse3, ssse3, sse4.1, sse4.2, popcnt, avx, avx2, aes, clmul, erms, 3dnowpref, lzcnt, ht, tsc, tscinvbit, bmi1, bmi2, adx, evex, sha, fma

Memory: 4k page, system-wide physical 16221M (1212M free)
TotalPageFile size 44758M (AvailPageFile size 7M)
current process WorkingSet (physical memory assigned to process): 294M, peak: 294M
current process commit charge ("private bytes"): 405M, peak: 456M

vm_info: OpenJDK 64-Bit Server VM (11.0.16.1+1-LTS) for windows-amd64 JRE (11.0.16.1+1-LTS), built on Aug 20 2022 20:09:04 by "" with MS VC++ 15.9 (VS2017)

END.
